Release 14.7 - xst P.20131013 (lin64)
Copyright (c) 1995-2013 Xilinx, Inc.  All rights reserved.
--> 
Parameter TMPDIR set to xst/projnav.tmp


Total REAL time to Xst completion: 0.00 secs
Total CPU time to Xst completion: 0.04 secs
 
--> 
Parameter xsthdpdir set to xst


Total REAL time to Xst completion: 0.00 secs
Total CPU time to Xst completion: 0.04 secs
 
--> 
Reading design: BaseDeTemps.prj

TABLE OF CONTENTS
  1) Synthesis Options Summary
  2) HDL Compilation
  3) Design Hierarchy Analysis
  4) HDL Analysis
  5) HDL Synthesis
     5.1) HDL Synthesis Report
  6) Advanced HDL Synthesis
     6.1) Advanced HDL Synthesis Report
  7) Low Level Synthesis
  8) Partition Report
  9) Final Report
	9.1) Device utilization summary
	9.2) Partition Resource Summary
	9.3) TIMING REPORT


=========================================================================
*                      Synthesis Options Summary                        *
=========================================================================
---- Source Parameters
Input File Name                    : "BaseDeTemps.prj"
Input Format                       : mixed
Ignore Synthesis Constraint File   : NO

---- Target Parameters
Output File Name                   : "BaseDeTemps"
Output Format                      : NGC
Target Device                      : xc3s100e-5-cp132

---- Source Options
Top Module Name                    : BaseDeTemps
Automatic FSM Extraction           : YES
FSM Encoding Algorithm             : Auto
Safe Implementation                : No
FSM Style                          : LUT
RAM Extraction                     : Yes
RAM Style                          : Auto
ROM Extraction                     : Yes
Mux Style                          : Auto
Decoder Extraction                 : YES
Priority Encoder Extraction        : Yes
Shift Register Extraction          : YES
Logical Shifter Extraction         : YES
XOR Collapsing                     : YES
ROM Style                          : Auto
Mux Extraction                     : Yes
Resource Sharing                   : YES
Asynchronous To Synchronous        : NO
Multiplier Style                   : Auto
Automatic Register Balancing       : No

---- Target Options
Add IO Buffers                     : YES
Global Maximum Fanout              : 500
Add Generic Clock Buffer(BUFG)     : 24
Register Duplication               : YES
Slice Packing                      : YES
Optimize Instantiated Primitives   : NO
Use Clock Enable                   : Yes
Use Synchronous Set                : Yes
Use Synchronous Reset              : Yes
Pack IO Registers into IOBs        : Auto
Equivalent register Removal        : YES

---- General Options
Optimization Goal                  : Speed
Optimization Effort                : 1
Keep Hierarchy                     : No
Netlist Hierarchy                  : As_Optimized
RTL Output                         : Yes
Global Optimization                : AllClockNets
Read Cores                         : YES
Write Timing Constraints           : NO
Cross Clock Analysis               : NO
Hierarchy Separator                : /
Bus Delimiter                      : <>
Case Specifier                     : Maintain
Slice Utilization Ratio            : 100
BRAM Utilization Ratio             : 100
Verilog 2001                       : YES
Auto BRAM Packing                  : NO
Slice Utilization Ratio Delta      : 5

=========================================================================


=========================================================================
*                          HDL Compilation                              *
=========================================================================
Compiling verilog file "../BaseDeTemps.v" in library work
Module <BaseDeTemps> compiled
No errors in compilation
Analysis of file <"BaseDeTemps.prj"> succeeded.
 

=========================================================================
*                     Design Hierarchy Analysis                         *
=========================================================================
Analyzing hierarchy for module <BaseDeTemps> in library <work> with parameters.
	NB_TIC = "00000000000000000000000000000010"
	NB_TIC1 = "00000000000000000000100111000100"
	NB_TIC2 = "00000010111110101111000010000000"
	SIZE_CPT = "00000000000000000000000000000010"
	SIZE_CPT1 = "00000000000000000000000000001100"
	SIZE_CPT2 = "00000000000000000000000000011010"


=========================================================================
*                            HDL Analysis                               *
=========================================================================
Analyzing top module <BaseDeTemps>.
	NB_TIC = 32'sb00000000000000000000000000000010
	NB_TIC1 = 32'sb00000000000000000000100111000100
	NB_TIC2 = 32'sb00000010111110101111000010000000
	SIZE_CPT = 32'sb00000000000000000000000000000010
	SIZE_CPT1 = 32'sb00000000000000000000000000001100
	SIZE_CPT2 = 32'sb00000000000000000000000000011010
Module <BaseDeTemps> is correct for synthesis.
 

=========================================================================
*                           HDL Synthesis                               *
=========================================================================

Performing bidirectional port resolution...

Synthesizing Unit <BaseDeTemps>.
    Related source file is "../BaseDeTemps.v".
    Found 2-bit up counter for signal <cpt>.
    Found 12-bit up counter for signal <cpt1>.
    Found 26-bit up counter for signal <cpt2>.
    Summary:
	inferred   3 Counter(s).
Unit <BaseDeTemps> synthesized.


=========================================================================
HDL Synthesis Report

Macro Statistics
# Counters                                             : 3
 12-bit up counter                                     : 1
 2-bit up counter                                      : 1
 26-bit up counter                                     : 1

=========================================================================

=========================================================================
*                       Advanced HDL Synthesis                          *
=========================================================================


=========================================================================
Advanced HDL Synthesis Report

Macro Statistics
# Counters                                             : 3
 12-bit up counter                                     : 1
 2-bit up counter                                      : 1
 26-bit up counter                                     : 1

=========================================================================

=========================================================================
*                         Low Level Synthesis                           *
=========================================================================

Optimizing unit <BaseDeTemps> ...

Mapping all equations...
Building and optimizing final netlist ...
Found area constraint ratio of 100 (+ 5) on block BaseDeTemps, actual ratio is 3.

Final Macro Processing ...

=========================================================================
Final Register Report

Macro Statistics
# Registers                                            : 40
 Flip-Flops                                            : 40

=========================================================================

=========================================================================
*                           Partition Report                            *
=========================================================================

Partition Implementation Status
-------------------------------

  No Partitions were found in this design.

-------------------------------

=========================================================================
*                            Final Report                               *
=========================================================================
Final Results
RTL Top Level Output File Name     : BaseDeTemps.ngr
Top Level Output File Name         : BaseDeTemps
Output Format                      : NGC
Optimization Goal                  : Speed
Keep Hierarchy                     : No

Design Statistics
# IOs                              : 8

Cell Usage :
# BELS                             : 140
#      GND                         : 1
#      INV                         : 3
#      LUT1                        : 36
#      LUT2                        : 3
#      LUT3                        : 3
#      LUT4                        : 12
#      MUXCY                       : 43
#      VCC                         : 1
#      XORCY                       : 38
# FlipFlops/Latches                : 40
#      FDRE                        : 40
# Clock Buffers                    : 1
#      BUFGP                       : 1
# IO Buffers                       : 7
#      IBUF                        : 4
#      OBUF                        : 3
=========================================================================

Device utilization summary:
---------------------------

Selected Device : 3s100ecp132-5 

 Number of Slices:                       29  out of    960     3%  
 Number of Slice Flip Flops:             40  out of   1920     2%  
 Number of 4 input LUTs:                 57  out of   1920     2%  
 Number of IOs:                           8
 Number of bonded IOBs:                   8  out of     83     9%  
 Number of GCLKs:                         1  out of     24     4%  

---------------------------
Partition Resource Summary:
---------------------------

  No Partitions were found in this design.

---------------------------


=========================================================================
TIMING REPORT

NOTE: THESE TIMING NUMBERS ARE ONLY A SYNTHESIS ESTIMATE.
      FOR ACCURATE TIMING INFORMATION PLEASE REFER TO THE TRACE REPORT
      GENERATED AFTER PLACE-and-ROUTE.

Clock Information:
------------------
-----------------------------------+------------------------+-------+
Clock Signal                       | Clock buffer(FF name)  | Load  |
-----------------------------------+------------------------+-------+
clk                                | BUFGP                  | 40    |
-----------------------------------+------------------------+-------+

Asynchronous Control Signals Information:
----------------------------------------
No asynchronous control signals found in this design

Timing Summary:
---------------
Speed Grade: -5

   Minimum period: 5.607ns (Maximum Frequency: 178.343MHz)
   Minimum input arrival time before clock: 6.124ns
   Maximum output required time after clock: 6.268ns
   Maximum combinational path delay: 7.039ns

Timing Detail:
--------------
All values displayed in nanoseconds (ns)

=========================================================================
Timing constraint: Default period analysis for Clock 'clk'
  Clock period: 5.607ns (frequency: 178.343MHz)
  Total number of paths / destination ports: 1256 / 80
-------------------------------------------------------------------------
Delay:               5.607ns (Levels of Logic = 9)
  Source:            cpt2_16 (FF)
  Destination:       cpt2_0 (FF)
  Source Clock:      clk rising
  Destination Clock: clk rising

  Data Path: cpt2_16 to cpt2_0
                                Gate     Net
    Cell:in->out      fanout   Delay   Delay  Logical Name (Net Name)
    ----------------------------------------  ------------
     FDRE:C->Q             2   0.514   0.532  cpt2_16 (cpt2_16)
     LUT4:I0->O            1   0.612   0.000  tombeeBrique_wg_lut<0> (tombeeBrique_wg_lut<0>)
     MUXCY:S->O            1   0.404   0.000  tombeeBrique_wg_cy<0> (tombeeBrique_wg_cy<0>)
     MUXCY:CI->O           1   0.052   0.000  tombeeBrique_wg_cy<1> (tombeeBrique_wg_cy<1>)
     MUXCY:CI->O           1   0.052   0.000  tombeeBrique_wg_cy<2> (tombeeBrique_wg_cy<2>)
     MUXCY:CI->O           1   0.052   0.000  tombeeBrique_wg_cy<3> (tombeeBrique_wg_cy<3>)
     MUXCY:CI->O           1   0.052   0.000  tombeeBrique_wg_cy<4> (tombeeBrique_wg_cy<4>)
     MUXCY:CI->O           1   0.052   0.000  tombeeBrique_wg_cy<5> (tombeeBrique_wg_cy<5>)
     MUXCY:CI->O           2   0.399   0.410  tombeeBrique_wg_cy<6> (tombeeBrique_OBUF)
     LUT3:I2->O           26   0.612   1.071  cpt2_or00001 (cpt2_or0000)
     FDRE:R                    0.795          cpt2_0
    ----------------------------------------
    Total                      5.607ns (3.594ns logic, 2.013ns route)
                                       (64.1% logic, 35.9% route)

=========================================================================
Timing constraint: Default OFFSET IN BEFORE for Clock 'clk'
  Total number of paths / destination ports: 240 / 80
-------------------------------------------------------------------------
Offset:              6.124ns (Levels of Logic = 4)
  Source:            enable<0> (PAD)
  Destination:       cpt1_0 (FF)
  Destination Clock: clk rising

  Data Path: enable<0> to cpt1_0
                                Gate     Net
    Cell:in->out      fanout   Delay   Delay  Logical Name (Net Name)
    ----------------------------------------  ------------
     IBUF:I->O             4   1.106   0.651  enable_0_IBUF (enable_0_IBUF)
     LUT4:I0->O            1   0.612   0.509  sevenSeg36 (sevenSeg36)
     LUT4:I0->O            2   0.612   0.410  sevenSeg50 (sevenSeg_OBUF)
     LUT3:I2->O           12   0.612   0.817  cpt1_or00001 (cpt1_or0000)
     FDRE:R                    0.795          cpt1_0
    ----------------------------------------
    Total                      6.124ns (3.737ns logic, 2.387ns route)
                                       (61.0% logic, 39.0% route)

=========================================================================
Timing constraint: Default OFFSET OUT AFTER for Clock 'clk'
  Total number of paths / destination ports: 40 / 3
-------------------------------------------------------------------------
Offset:              6.268ns (Levels of Logic = 9)
  Source:            cpt2_16 (FF)
  Destination:       tombeeBrique (PAD)
  Source Clock:      clk rising

  Data Path: cpt2_16 to tombeeBrique
                                Gate     Net
    Cell:in->out      fanout   Delay   Delay  Logical Name (Net Name)
    ----------------------------------------  ------------
     FDRE:C->Q             2   0.514   0.532  cpt2_16 (cpt2_16)
     LUT4:I0->O            1   0.612   0.000  tombeeBrique_wg_lut<0> (tombeeBrique_wg_lut<0>)
     MUXCY:S->O            1   0.404   0.000  tombeeBrique_wg_cy<0> (tombeeBrique_wg_cy<0>)
     MUXCY:CI->O           1   0.051   0.000  tombeeBrique_wg_cy<1> (tombeeBrique_wg_cy<1>)
     MUXCY:CI->O           1   0.051   0.000  tombeeBrique_wg_cy<2> (tombeeBrique_wg_cy<2>)
     MUXCY:CI->O           1   0.051   0.000  tombeeBrique_wg_cy<3> (tombeeBrique_wg_cy<3>)
     MUXCY:CI->O           1   0.051   0.000  tombeeBrique_wg_cy<4> (tombeeBrique_wg_cy<4>)
     MUXCY:CI->O           1   0.052   0.000  tombeeBrique_wg_cy<5> (tombeeBrique_wg_cy<5>)
     MUXCY:CI->O           2   0.399   0.380  tombeeBrique_wg_cy<6> (tombeeBrique_OBUF)
     OBUF:I->O                 3.169          tombeeBrique_OBUF (tombeeBrique)
    ----------------------------------------
    Total                      6.268ns (5.356ns logic, 0.912ns route)
                                       (85.5% logic, 14.5% route)

=========================================================================
Timing constraint: Default path analysis
  Total number of paths / destination ports: 6 / 3
-------------------------------------------------------------------------
Delay:               7.039ns (Levels of Logic = 4)
  Source:            enable<0> (PAD)
  Destination:       sevenSeg (PAD)

  Data Path: enable<0> to sevenSeg
                                Gate     Net
    Cell:in->out      fanout   Delay   Delay  Logical Name (Net Name)
    ----------------------------------------  ------------
     IBUF:I->O             4   1.106   0.651  enable_0_IBUF (enable_0_IBUF)
     LUT4:I0->O            1   0.612   0.509  sevenSeg36 (sevenSeg36)
     LUT4:I0->O            2   0.612   0.380  sevenSeg50 (sevenSeg_OBUF)
     OBUF:I->O                 3.169          sevenSeg_OBUF (sevenSeg)
    ----------------------------------------
    Total                      7.039ns (5.499ns logic, 1.540ns route)
                                       (78.1% logic, 21.9% route)

=========================================================================


Total REAL time to Xst completion: 4.00 secs
Total CPU time to Xst completion: 3.05 secs
 
--> 


Total memory usage is 511360 kilobytes

Number of errors   :    0 (   0 filtered)
Number of warnings :    0 (   0 filtered)
Number of infos    :    0 (   0 filtered)

