Running: /opt/Xilinx/14.7/ISE_DS/ISE/bin/lin64/unwrapped/fuse -intstyle ise -incremental -lib unisims_ver -lib unimacro_ver -lib xilinxcorelib_ver -o /export/homes/yli1/TroisBriques/work/testPesanteur_isim_beh.exe -prj /export/homes/yli1/TroisBriques/work/testPesanteur_beh.prj work.testPesanteur work.glbl 
ISim P.20131013 (signature 0xfbc00daa)
Number of CPUs detected in this system: 4
Turning on mult-threading, number of parallel sub-compilation jobs: 8 
Determining compilation order of HDL files
Analyzing Verilog file "/export/homes/yli1/TroisBriques/work/../Pesanteur.v" into library work
Analyzing Verilog file "/export/homes/yli1/TroisBriques/work/../testPesanteur.v" into library work
Analyzing Verilog file "/opt/Xilinx/14.7/ISE_DS/ISE//verilog/src/glbl.v" into library work
Starting static elaboration
Completed static elaboration
Fuse Memory Usage: 94696 KB
Fuse CPU Usage: 900 ms
Compiling module Pesanteur
Compiling module testPesanteur
Compiling module glbl
Time Resolution for simulation is 1ps.
Waiting for 1 sub-compilation(s) to finish...
Compiled 3 Verilog Units
Built simulation executable /export/homes/yli1/TroisBriques/work/testPesanteur_isim_beh.exe
Fuse Memory Usage: 655072 KB
Fuse CPU Usage: 910 ms
GCC CPU Usage: 260 ms
